<?xml version="1.0" encoding="UTF-8"?>
<!-- Generated by org.testng.reporters.JUnitReportReporter -->
<testsuite skipped="0" hostname="DESKTOP-36D5C16" name="scripts.CarvanaTest" tests="6" failures="0" timestamp="2022-06-17T09:39:31 MST" time="45.581" errors="0">
  <testcase name="validateCarvanaHomePageTitleAndURL" time="4.552" classname="scripts.CarvanaTest"/>
  <system-out/>
  <testcase name="validateTheCarvanaLogo" time="4.396" classname="scripts.CarvanaTest"/>
  <system-out/>
  <testcase name="validateTheMainNavigationSectionItems" time="6.418" classname="scripts.CarvanaTest"/>
  <system-out/>
  <testcase name="validateTheSignInErrorMessage" time="5.587" classname="scripts.CarvanaTest"/>
  <system-out/>
  <testcase name="validateTheSearchFilterOptionsAndSearchButton" time="8.811" classname="scripts.CarvanaTest"/>
  <system-out/>
  <testcase name="validateTheSearchResultTitles" time="15.817" classname="scripts.CarvanaTest"/>
  <system-out/>
</testsuite> <!-- scripts.CarvanaTest -->
